빌드 시작: 2016-09-26 오후 9:28:11
     1>2 노드의 "C:\Users\User\Desktop\KUNS_Pioneer&Laser_Wandering_0926\KUNS.vcxproj" 프로젝트(build 대상)입니다.
     1>InitializeBuildStatus:
         "AlwaysCreate"이(가) 지정되었기 때문에 "Release\KUNS.unsuccessfulbuild"을(를) 만들고 있습니다.
       ClCompile:
         모든 출력이 최신 상태입니다.
         모든 출력이 최신 상태입니다.
       ResourceCompile:
         모든 출력이 최신 상태입니다.
       Link:
         모든 출력이 최신 상태입니다.
         KUNS.vcxproj -> C:\Users\User\Desktop\KUNS_Pioneer&Laser_Wandering_0926\Release\KUNS.exe
       Manifest:
         모든 출력이 최신 상태입니다.
       FinalizeBuildStatus:
         "Release\KUNS.unsuccessfulbuild" 파일을 삭제하고 있습니다.
         "Release\KUNS.lastbuildstate"에 연결(touching)하고 있습니다.
     1>"C:\Users\User\Desktop\KUNS_Pioneer&Laser_Wandering_0926\KUNS.vcxproj" 프로젝트를 빌드했습니다(build 대상).

빌드했습니다.

경과 시간: 00:00:00.16
